2013/08/02 20:39:45 [error] [exception.CDbException] exception 'CDbException' with message 'CDbConnection failed to open the DB connection: SQLSTATE[42000] [1049] Unknown database 'testdrive'' in /home/liber/NetBeansProjects/Yii/framework/db/CDbConnection.php:381
Stack trace:
#0 /home/liber/NetBeansProjects/Yii/framework/db/CDbConnection.php(330): CDbConnection->open()
#1 /home/liber/NetBeansProjects/Yii/framework/db/CDbConnection.php(308): CDbConnection->setActive(true)
#2 /home/liber/NetBeansProjects/Yii/framework/base/CModule.php(387): CDbConnection->init()
#3 /home/liber/NetBeansProjects/Yii/framework/base/CModule.php(103): CModule->getComponent('db')
#4 /home/liber/NetBeansProjects/Yii/framework/gii/generators/model/ModelCode.php(57): CModule->__get('db')
#5 /home/liber/NetBeansProjects/Yii/framework/web/CFormModel.php(39): ModelCode->init()
#6 /home/liber/NetBeansProjects/Yii/framework/gii/CCodeGenerator.php(153): CFormModel->__construct()
#7 /home/liber/NetBeansProjects/Yii/framework/gii/CCodeGenerator.php(63): CCodeGenerator->prepare()
#8 /home/liber/NetBeansProjects/Yii/framework/web/actions/CInlineAction.php(49): CCodeGenerator->actionIndex()
#9 /home/liber/NetBeansProjects/Yii/framework/web/CController.php(308): CInlineAction->runWithParams(Array)
#10 /home/liber/NetBeansProjects/Yii/framework/web/CController.php(286): CController->runAction(Object(CInlineAction))
#11 /home/liber/NetBeansProjects/Yii/framework/web/CController.php(265): CController->runActionWithFilters(Object(CInlineAction), Array)
#12 /home/liber/NetBeansProjects/Yii/framework/web/CWebApplication.php(282): CController->run('')
#13 /home/liber/NetBeansProjects/Yii/framework/web/CWebApplication.php(141): CWebApplication->runController('gii/model')
#14 /home/liber/NetBeansProjects/Yii/framework/base/CApplication.php(169): CWebApplication->processRequest()
#15 /home/liber/NetBeansProjects/Yii/Students/index.php(13): CApplication->run()
#16 {main}
REQUEST_URI=/index.php?r=gii/model
HTTP_REFERER=http://yii.ls/index.php?r=gii/default/index
---
2013/08/02 20:40:59 [error] [system.db.CDbCommand] CDbCommand::fetchAll() failed: SQLSTATE[42S02]: Base table or view not found: 1146 Table 'testdrive.tbl_classes' doesn't exist. The SQL statement executed was: SHOW FULL COLUMNS FROM `tbl_classes`.
in /home/liber/NetBeansProjects/Yii/Students/index.php (13)
2013/08/02 20:41:06 [error] [system.db.CDbCommand] CDbCommand::fetchAll() failed: SQLSTATE[42S02]: Base table or view not found: 1146 Table 'testdrive.tbl_classes' doesn't exist. The SQL statement executed was: SHOW FULL COLUMNS FROM `tbl_classes`.
in /home/liber/NetBeansProjects/Yii/Students/index.php (13)
2013/08/06 11:44:56 [error] [exception.CHttpException.404] exception 'CHttpException' with message 'Unable to resolve the request "studets".' in /home/liber/NetBeansProjects/Yii/framework/web/CWebApplication.php:286
Stack trace:
#0 /home/liber/NetBeansProjects/Yii/framework/web/CWebApplication.php(141): CWebApplication->runController('studets')
#1 /home/liber/NetBeansProjects/Yii/framework/base/CApplication.php(169): CWebApplication->processRequest()
#2 /home/liber/NetBeansProjects/Yii/Students/index.php(13): CApplication->run()
#3 {main}
REQUEST_URI=/index.php?r=studets
HTTP_REFERER=http://yii.ls/index.php?r=site/index
---
2013/08/06 11:45:15 [error] [exception.CHttpException.404] exception 'CHttpException' with message 'Unable to resolve the request "studets".' in /home/liber/NetBeansProjects/Yii/framework/web/CWebApplication.php:286
Stack trace:
#0 /home/liber/NetBeansProjects/Yii/framework/web/CWebApplication.php(141): CWebApplication->runController('studets')
#1 /home/liber/NetBeansProjects/Yii/framework/base/CApplication.php(169): CWebApplication->processRequest()
#2 /home/liber/NetBeansProjects/Yii/Students/index.php(13): CApplication->run()
#3 {main}
REQUEST_URI=/index.php?r=studets
HTTP_REFERER=http://yii.ls/index.php?r=site/index
---
2013/08/07 13:33:38 [error] [php] Undefined variable: model (/home/liber/NetBeansProjects/Yii/Students/protected/views/students/index.php:38)
Stack trace:
#0 /home/liber/NetBeansProjects/Yii/framework/web/CController.php(869): StudentsController->renderFile()
#1 /home/liber/NetBeansProjects/Yii/framework/web/CController.php(782): StudentsController->renderPartial()
#2 /home/liber/NetBeansProjects/Yii/Students/protected/controllers/StudentsController.php(132): StudentsController->render()
#3 /home/liber/NetBeansProjects/Yii/framework/web/actions/CInlineAction.php(49): StudentsController->actionIndex()
#4 /home/liber/NetBeansProjects/Yii/framework/web/CController.php(308): CInlineAction->runWithParams()
#5 /home/liber/NetBeansProjects/Yii/framework/web/filters/CFilterChain.php(133): StudentsController->runAction()
#6 /home/liber/NetBeansProjects/Yii/framework/web/filters/CFilter.php(40): CFilterChain->run()
#7 /home/liber/NetBeansProjects/Yii/framework/web/CController.php(1145): CAccessControlFilter->filter()
#8 /home/liber/NetBeansProjects/Yii/framework/web/filters/CInlineFilter.php(58): StudentsController->filterAccessControl()
#9 /home/liber/NetBeansProjects/Yii/framework/web/filters/CFilterChain.php(130): CInlineFilter->filter()
#10 /home/liber/NetBeansProjects/Yii/framework/web/CController.php(291): CFilterChain->run()
#11 /home/liber/NetBeansProjects/Yii/framework/web/CController.php(265): StudentsController->runActionWithFilters()
#12 /home/liber/NetBeansProjects/Yii/framework/web/CWebApplication.php(282): StudentsController->run()
#13 /home/liber/NetBeansProjects/Yii/framework/web/CWebApplication.php(141): CWebApplication->runController()
#14 /home/liber/NetBeansProjects/Yii/framework/base/CApplication.php(169): CWebApplication->processRequest()
#15 /home/liber/NetBeansProjects/Yii/Students/index.php(13): CWebApplication->run()
REQUEST_URI=/index.php?r=students/index
in /home/liber/NetBeansProjects/Yii/Students/protected/views/students/index.php (38)
in /home/liber/NetBeansProjects/Yii/Students/protected/controllers/StudentsController.php (132)
in /home/liber/NetBeansProjects/Yii/Students/index.php (13)
